0 info it worked if it ends with ok
1 verbose cli [ 'node', '/usr/local/bin/npm', 'uninstall', 'babel' ]
2 info using npm@1.4.28
3 info using node@v0.10.33
4 verbose node_modules/babel unbuild
5 info preuninstall babel@6.5.2
6 info uninstall babel@6.5.2
7 verbose true,/Users/lucasmanning/Programming/javascript/spacefield/node_modules,/Users/lucasmanning/Programming/javascript/spacefield/node_modules unbuild babel@6.5.2
8 verbose /Users/lucasmanning/Programming/javascript/spacefield/node_modules/.bin,[object Object] binRoot
9 error Error: EACCES, unlink '/Users/lucasmanning/Programming/javascript/spacefield/node_modules/.bin/babel'
9 error  { [Error: EACCES, unlink '/Users/lucasmanning/Programming/javascript/spacefield/node_modules/.bin/babel']
9 error   errno: 3,
9 error   code: 'EACCES',
9 error   path: '/Users/lucasmanning/Programming/javascript/spacefield/node_modules/.bin/babel' }
10 error Please try running this command again as root/Administrator.
11 error System Darwin 15.3.0
12 error command "node" "/usr/local/bin/npm" "uninstall" "babel"
13 error cwd /Users/lucasmanning/Programming/javascript/spacefield
14 error node -v v0.10.33
15 error npm -v 1.4.28
16 error path /Users/lucasmanning/Programming/javascript/spacefield/node_modules/.bin/babel
17 error code EACCES
18 error errno 3
19 error stack Error: EACCES, unlink '/Users/lucasmanning/Programming/javascript/spacefield/node_modules/.bin/babel'
20 verbose exit [ 3, true ]
